This file contains any messages produced by compilers while
running configure, to aid debugging if configure makes a mistake.

It was created by c-ares-test configure -, which was
generated by GNU Autoconf 2.69.  Invocation command line was

  $ ./configure --disable-option-checking --prefix=/usr/local --cache-file=/dev/null --srcdir=.

## --------- ##
## Platform. ##
## --------- ##

hostname = iMac.local
uname -m = x86_64
uname -r = 19.6.0
uname -s = Darwin
uname -v = Darwin Kernel Version 19.6.0: Thu Jun 18 20:49:00 PDT 2020; root:xnu-6153.141.1~1/RELEASE_X86_64

/usr/bin/uname -p = i386
/bin/uname -X     = unknown

/bin/arch              = unknown
/usr/bin/arch -k       = unknown
/usr/convex/getsysinfo = unknown
/usr/bin/hostinfo      = Mach kernel version:
	 Darwin Kernel Version 19.6.0: Thu Jun 18 20:49:00 PDT 2020; root:xnu-6153.141.1~1/RELEASE_X86_64
Kernel configured for up to 16 processors.
8 processors are physically available.
16 processors are logically available.
Processor type: x86_64h (Intel x86-64h Haswell)
Processors active: 0 1 2 3 4 5 6 7 8 9 10 11 12 13 14 15
Primary memory available: 80.00 gigabytes
Default processor set: 430 tasks, 3392 threads, 16 processors
Load average: 2.89, Mach factor: 13.09
/bin/machine           = unknown
/usr/bin/oslevel       = unknown
/bin/universe          = unknown

PATH: /Users/mawe/.rbenv/shims
PATH: /Users/mawe/.gem/bin
PATH: /usr/local/opt/ruby/bin
PATH: /usr/local/bin
PATH: /usr/local/opt/awscli@1/bin
PATH: /usr/local/java/jdk-11.0.2.jdk/Contents/Home/bin
PATH: /Users/mawe/.cargo/bin
PATH: /usr/local/bin
PATH: /usr/bin
PATH: /bin
PATH: /usr/sbin
PATH: /sbin
PATH: /opt/X11/bin
PATH: /Library/Apple/usr/bin
PATH: /Users/mawe/work/defold/tmp/dynamo_home/bin/x86_64-darwin
PATH: /Users/mawe/work/defold/tmp/dynamo_home/bin
PATH: /Users/mawe/work/defold/tmp/dynamo_home/ext/bin
PATH: /Users/mawe/work/defold/tmp/dynamo_home/ext/bin/x86_64-darwin
PATH: /Users/mawe/work/defold/tmp/dynamo_home/ext/go/x86_64-darwin/go/bin
PATH: /Users/mawe/work/defold/tmp/dynamo_home/ext/SDKs/android-sdk/platform-tools
PATH: /Users/mawe/work/defold/tmp/dynamo_home/ext/SDKs/android-ndk-r20/toolchains/llvm/prebuilt/darwin-x86_64/bin
PATH: /Users/mawe/.rbenv/shims
PATH: /Users/mawe/.gem/bin
PATH: /usr/local/opt/ruby/bin
PATH: /usr/local/opt/awscli@1/bin
PATH: /usr/local/java/jdk-11.0.2.jdk/Contents/Home/bin
PATH: /Users/mawe/.cargo/bin


## ----------- ##
## Core tests. ##
## ----------- ##

configure:2426: checking for a BSD-compatible install
configure:2494: result: /usr/bin/install -c
configure:2505: checking whether build environment is sane
configure:2560: result: yes
configure:2711: checking for a thread-safe mkdir -p
configure:2750: result: ./install-sh -c -d
configure:2757: checking for gawk
configure:2787: result: no
configure:2757: checking for mawk
configure:2787: result: no
configure:2757: checking for nawk
configure:2787: result: no
configure:2757: checking for awk
configure:2773: found /usr/bin/awk
configure:2784: result: awk
configure:2795: checking whether make sets $(MAKE)
configure:2817: result: yes
configure:2846: checking whether make supports nested variables
configure:2863: result: yes
configure:2991: checking whether make supports nested variables
configure:3008: result: yes
configure:3078: checking for g++
configure:3094: found /usr/bin/g++
configure:3105: result: g++
configure:3132: checking for C++ compiler version
configure:3141: g++ --version >&5
Apple clang version 12.0.0 (clang-1200.0.32.28)
Target: x86_64-apple-darwin19.6.0
Thread model: posix
InstalledDir: /Applications/Xcode.app/Contents/Developer/Toolchains/XcodeDefault.xctoolchain/usr/bin
Configured with: --prefix=/Applications/Xcode.app/Contents/Developer/usr --with-gxx-include-dir=/Library/Developer/CommandLineTools/SDKs/MacOSX.sdk/usr/include/c++/4.2.1
configure:3152: $? = 0
configure:3141: g++ -v >&5
Configured with: --prefix=/Applications/Xcode.app/Contents/Developer/usr --with-gxx-include-dir=/Library/Developer/CommandLineTools/SDKs/MacOSX.sdk/usr/include/c++/4.2.1
Apple clang version 12.0.0 (clang-1200.0.32.28)
Target: x86_64-apple-darwin19.6.0
Thread model: posix
InstalledDir: /Applications/Xcode.app/Contents/Developer/Toolchains/XcodeDefault.xctoolchain/usr/bin
configure:3152: $? = 0
configure:3141: g++ -V >&5
clang: error: argument to '-V' is missing (expected 1 value)
clang: error: no input files
configure:3152: $? = 1
configure:3141: g++ -qversion >&5
clang: error: unknown argument '-qversion'; did you mean '--version'?
clang: error: no input files
configure:3152: $? = 1
configure:3172: checking whether the C++ compiler works
configure:3194: g++    conftest.cpp  >&5
configure:3198: $? = 0
configure:3246: result: yes
configure:3249: checking for C++ compiler default output file name
configure:3251: result: a.out
configure:3257: checking for suffix of executables
configure:3264: g++ -o conftest    conftest.cpp  >&5
configure:3268: $? = 0
configure:3290: result: 
configure:3312: checking whether we are cross compiling
configure:3320: g++ -o conftest    conftest.cpp  >&5
configure:3324: $? = 0
configure:3331: ./conftest
configure:3335: $? = 0
configure:3350: result: no
configure:3355: checking for suffix of object files
configure:3377: g++ -c   conftest.cpp >&5
configure:3381: $? = 0
configure:3402: result: o
configure:3406: checking whether we are using the GNU C++ compiler
configure:3425: g++ -c   conftest.cpp >&5
configure:3425: $? = 0
configure:3434: result: yes
configure:3443: checking whether g++ accepts -g
configure:3463: g++ -c -g  conftest.cpp >&5
configure:3463: $? = 0
configure:3504: result: yes
configure:3530: checking whether make supports the include directive
configure:3545: make -f confmf.GNU && cat confinc.out
this is the am__doit target
configure:3548: $? = 0
configure:3567: result: yes (GNU style)
configure:3592: checking dependency style of g++
configure:3703: result: gcc3
configure:3726: checking whether g++ supports C++11 features by default
configure:3781: g++ -c -g -O2  conftest.cpp >&5
conftest.cpp:13:21: error: expected parameter declarator
      static_assert(sizeof(int) <= sizeof(T), "not big enough");
                    ^
conftest.cpp:13:21: error: expected ')'
conftest.cpp:13:20: note: to match this '('
      static_assert(sizeof(int) <= sizeof(T), "not big enough");
                   ^
conftest.cpp:13:7: error: C++ requires a type specifier for all declarations
      static_assert(sizeof(int) <= sizeof(T), "not big enough");
      ^
conftest.cpp:20:22: warning: 'override' keyword is a C++11 extension [-Wc++11-extensions]
    virtual void f() override {}
                     ^
conftest.cpp:23:29: error: a space is required between consecutive right angle brackets (use '> >')
    typedef check<check<bool>> right_angle_brackets;
                            ^~
                            > >
conftest.cpp:26:5: error: unknown type name 'decltype'
    decltype(a) b;
    ^
conftest.cpp:26:16: error: expected ';' after top level declarator
    decltype(a) b;
               ^
               ;
conftest.cpp:30:15: warning: rvalue references are a C++11 extension [-Wc++11-extensions]
    check_type&& cr = static_cast<check_type&&>(c);
              ^
conftest.cpp:30:45: warning: rvalue references are a C++11 extension [-Wc++11-extensions]
    check_type&& cr = static_cast<check_type&&>(c);
                                            ^
conftest.cpp:32:5: warning: 'auto' type specifier is a C++11 extension [-Wc++11-extensions]
    auto d = a;
    ^
conftest.cpp:33:5: warning: 'auto' type specifier is a C++11 extension [-Wc++11-extensions]
    auto l = [](){};
    ^
conftest.cpp:33:14: error: expected expression
    auto l = [](){};
             ^
conftest.cpp:41:24: warning: alias declarations are a C++11 extension [-Wc++11-extensions]
        using member = typename T::member_type;
                       ^
6 warnings and 7 errors generated.
configure:3781: $? = 1
configure: failed program was:
| /* confdefs.h */
| #define PACKAGE_NAME "c-ares-test"
| #define PACKAGE_TARNAME "c-ares-test"
| #define PACKAGE_VERSION "-"
| #define PACKAGE_STRING "c-ares-test -"
| #define PACKAGE_BUGREPORT "-"
| #define PACKAGE_URL ""
| /* end confdefs.h.  */
| 
|   template <typename T>
|     struct check
|     {
|       static_assert(sizeof(int) <= sizeof(T), "not big enough");
|     };
| 
|     struct Base {
|     virtual void f() {}
|     };
|     struct Child : public Base {
|     virtual void f() override {}
|     };
| 
|     typedef check<check<bool>> right_angle_brackets;
| 
|     int a;
|     decltype(a) b;
| 
|     typedef check<int> check_type;
|     check_type c;
|     check_type&& cr = static_cast<check_type&&>(c);
| 
|     auto d = a;
|     auto l = [](){};
| 
|     // http://stackoverflow.com/questions/13728184/template-aliases-and-sfinae
|     // Clang 3.1 fails with headers of libstd++ 4.8.3 when using std::function because of this
|     namespace test_template_alias_sfinae {
|         struct foo {};
| 
|         template<typename T>
|         using member = typename T::member_type;
| 
|         template<typename T>
|         void func(...) {}
| 
|         template<typename T>
|         void func(member<T>*) {}
| 
|         void test();
| 
|         void test() {
|             func<foo>(0);
|         }
|     }
| 
configure:3788: result: no
configure:3799: checking whether g++ supports C++11 features with -std=c++11
configure:3856: g++ -c -g -O2 -std=c++11  conftest.cpp >&5
configure:3856: $? = 0
configure:3865: result: yes
configure:3928: checking build system type
configure:3942: result: x86_64-apple-darwin19.6.0
configure:3962: checking host system type
configure:3975: result: x86_64-apple-darwin19.6.0
configure:4016: checking how to print strings
configure:4043: result: printf
configure:4112: checking for gcc
configure:4128: found /usr/bin/gcc
configure:4139: result: gcc
configure:4368: checking for C compiler version
configure:4377: gcc --version >&5
Apple clang version 12.0.0 (clang-1200.0.32.28)
Target: x86_64-apple-darwin19.6.0
Thread model: posix
InstalledDir: /Applications/Xcode.app/Contents/Developer/Toolchains/XcodeDefault.xctoolchain/usr/bin
Configured with: --prefix=/Applications/Xcode.app/Contents/Developer/usr --with-gxx-include-dir=/Library/Developer/CommandLineTools/SDKs/MacOSX.sdk/usr/include/c++/4.2.1
configure:4388: $? = 0
configure:4377: gcc -v >&5
Configured with: --prefix=/Applications/Xcode.app/Contents/Developer/usr --with-gxx-include-dir=/Library/Developer/CommandLineTools/SDKs/MacOSX.sdk/usr/include/c++/4.2.1
Apple clang version 12.0.0 (clang-1200.0.32.28)
Target: x86_64-apple-darwin19.6.0
Thread model: posix
InstalledDir: /Applications/Xcode.app/Contents/Developer/Toolchains/XcodeDefault.xctoolchain/usr/bin
configure:4388: $? = 0
configure:4377: gcc -V >&5
clang: error: argument to '-V' is missing (expected 1 value)
clang: error: no input files
configure:4388: $? = 1
configure:4377: gcc -qversion >&5
clang: error: unknown argument '-qversion'; did you mean '--version'?
clang: error: no input files
configure:4388: $? = 1
configure:4392: checking whether we are using the GNU C compiler
configure:4411: gcc -c   conftest.c >&5
configure:4411: $? = 0
configure:4420: result: yes
configure:4429: checking whether gcc accepts -g
configure:4449: gcc -c -g  conftest.c >&5
configure:4449: $? = 0
configure:4490: result: yes
configure:4507: checking for gcc option to accept ISO C89
configure:4570: gcc  -c -g -O2  conftest.c >&5
configure:4570: $? = 0
configure:4583: result: none needed
configure:4608: checking whether gcc understands -c and -o together
configure:4630: gcc -c conftest.c -o conftest2.o
configure:4633: $? = 0
configure:4630: gcc -c conftest.c -o conftest2.o
configure:4633: $? = 0
configure:4645: result: yes
configure:4664: checking dependency style of gcc
configure:4775: result: gcc3
configure:4790: checking for a sed that does not truncate output
configure:4854: result: /usr/bin/sed
configure:4872: checking for grep that handles long lines and -e
configure:4930: result: /usr/bin/grep
configure:4935: checking for egrep
configure:4997: result: /usr/bin/grep -E
configure:5002: checking for fgrep
configure:5064: result: /usr/bin/grep -F
configure:5099: checking for ld used by gcc
configure:5166: result: /Applications/Xcode.app/Contents/Developer/Toolchains/XcodeDefault.xctoolchain/usr/bin/ld
configure:5173: checking if the linker (/Applications/Xcode.app/Contents/Developer/Toolchains/XcodeDefault.xctoolchain/usr/bin/ld) is GNU ld
configure:5188: result: no
configure:5200: checking for BSD- or MS-compatible name lister (nm)
configure:5254: result: /usr/bin/nm -B
configure:5384: checking the name lister (/usr/bin/nm -B) interface
configure:5391: gcc -c -g -O2  conftest.c >&5
configure:5394: /usr/bin/nm -B "conftest.o"
configure:5397: output
0000000000000240 S _some_variable
configure:5404: result: BSD nm
configure:5407: checking whether ln -s works
configure:5411: result: yes
configure:5419: checking the maximum length of command line arguments
configure:5550: result: 196608
configure:5598: checking how to convert x86_64-apple-darwin19.6.0 file names to x86_64-apple-darwin19.6.0 format
configure:5638: result: func_convert_file_noop
configure:5645: checking how to convert x86_64-apple-darwin19.6.0 file names to toolchain format
configure:5665: result: func_convert_file_noop
configure:5672: checking for /Applications/Xcode.app/Contents/Developer/Toolchains/XcodeDefault.xctoolchain/usr/bin/ld option to reload object files
configure:5679: result: -r
configure:5753: checking for objdump
configure:5769: found /usr/bin/objdump
configure:5780: result: objdump
configure:5812: checking how to recognize dependent libraries
configure:6012: result: pass_all
configure:6097: checking for dlltool
configure:6127: result: no
configure:6157: checking how to associate runtime and link libraries
configure:6184: result: printf %s\n
configure:6245: checking for ar
configure:6261: found /usr/bin/ar
configure:6272: result: ar
configure:6309: checking for archiver @FILE support
configure:6326: gcc -c -g -O2  conftest.c >&5
configure:6326: $? = 0
configure:6329: ar cr libconftest.a @conftest.lst >&5
ar: @conftest.lst: No such file or directory
configure:6332: $? = 1
configure:6352: result: no
configure:6410: checking for strip
configure:6426: found /usr/bin/strip
configure:6437: result: strip
configure:6509: checking for ranlib
configure:6525: found /usr/bin/ranlib
configure:6536: result: ranlib
configure:6638: checking command to parse /usr/bin/nm -B output from gcc object
configure:6791: gcc -c -g -O2  conftest.c >&5
configure:6794: $? = 0
configure:6798: /usr/bin/nm -B conftest.o | sed -n -e 's/^.*[	 ]\([BCDEGRST][BCDEGRST]*\)[	 ][	 ]*\([_A-Za-z][_A-Za-z0-9]*\)$/\1 \2 \2/p' | sed '/ __gnu_lto/d' > conftest.nm
cannot find nm_test_var in conftest.nm
configure:6791: gcc -c -g -O2  conftest.c >&5
configure:6794: $? = 0
configure:6798: /usr/bin/nm -B conftest.o | sed -n -e 's/^.*[	 ]\([BCDEGRST][BCDEGRST]*\)[	 ][	 ]*_\([_A-Za-z][_A-Za-z0-9]*\)$/\1 _\2 \2/p' | sed '/ __gnu_lto/d' > conftest.nm
configure:6864: gcc -o conftest -g -O2   conftest.c conftstm.o >&5
warning: (x86_64)  could not find object file symbol for symbol _main
configure:6867: $? = 0
configure:6905: result: ok
configure:6952: checking for sysroot
configure:6982: result: no
configure:6989: checking for a working dd
configure:7027: result: /bin/dd
configure:7031: checking how to truncate binary pipes
configure:7046: result: /bin/dd bs=4096 count=1
configure:7375: checking for mt
configure:7405: result: no
configure:7425: checking if : is a manifest tool
configure:7431: : '-?'
configure:7439: result: no
configure:7495: checking for dsymutil
configure:7511: found /usr/bin/dsymutil
configure:7522: result: dsymutil
configure:7587: checking for nmedit
configure:7603: found /usr/bin/nmedit
configure:7614: result: nmedit
configure:7679: checking for lipo
configure:7695: found /usr/bin/lipo
configure:7706: result: lipo
configure:7771: checking for otool
configure:7787: found /usr/bin/otool
configure:7798: result: otool
configure:7863: checking for otool64
configure:7893: result: no
configure:7938: checking for -single_module linker flag
gcc -g -O2  -o libconftest.dylib -dynamiclib -Wl,-single_module conftest.c
configure:7971: result: yes
configure:7974: checking for -exported_symbols_list linker flag
configure:7994: gcc -o conftest -g -O2   -Wl,-exported_symbols_list,conftest.sym conftest.c  >&5
configure:7994: $? = 0
configure:8004: result: yes
configure:8007: checking for -force_load linker flag
gcc -g -O2 -c -o conftest.o conftest.c
ar cr libconftest.a conftest.o
ranlib libconftest.a
gcc -g -O2  -o conftest conftest.c -Wl,-force_load,./libconftest.a
configure:8039: result: yes
configure:8116: checking how to run the C preprocessor
configure:8147: gcc -E  conftest.c
configure:8147: $? = 0
configure:8161: gcc -E  conftest.c
conftest.c:9:10: fatal error: 'ac_nonexistent.h' file not found
#include <ac_nonexistent.h>
         ^~~~~~~~~~~~~~~~~~
1 error generated.
configure:8161: $? = 1
configure: failed program was:
| /* confdefs.h */
| #define PACKAGE_NAME "c-ares-test"
| #define PACKAGE_TARNAME "c-ares-test"
| #define PACKAGE_VERSION "-"
| #define PACKAGE_STRING "c-ares-test -"
| #define PACKAGE_BUGREPORT "-"
| #define PACKAGE_URL ""
| /* end confdefs.h.  */
| #include <ac_nonexistent.h>
configure:8186: result: gcc -E
configure:8206: gcc -E  conftest.c
configure:8206: $? = 0
configure:8220: gcc -E  conftest.c
conftest.c:9:10: fatal error: 'ac_nonexistent.h' file not found
#include <ac_nonexistent.h>
         ^~~~~~~~~~~~~~~~~~
1 error generated.
configure:8220: $? = 1
configure: failed program was:
| /* confdefs.h */
| #define PACKAGE_NAME "c-ares-test"
| #define PACKAGE_TARNAME "c-ares-test"
| #define PACKAGE_VERSION "-"
| #define PACKAGE_STRING "c-ares-test -"
| #define PACKAGE_BUGREPORT "-"
| #define PACKAGE_URL ""
| /* end confdefs.h.  */
| #include <ac_nonexistent.h>
configure:8249: checking for ANSI C header files
configure:8269: gcc -c -g -O2  conftest.c >&5
configure:8269: $? = 0
configure:8342: gcc -o conftest -g -O2   conftest.c  >&5
configure:8342: $? = 0
configure:8342: ./conftest
configure:8342: $? = 0
configure:8353: result: yes
configure:8366: checking for sys/types.h
configure:8366: gcc -c -g -O2  conftest.c >&5
configure:8366: $? = 0
configure:8366: result: yes
configure:8366: checking for sys/stat.h
configure:8366: gcc -c -g -O2  conftest.c >&5
configure:8366: $? = 0
configure:8366: result: yes
configure:8366: checking for stdlib.h
configure:8366: gcc -c -g -O2  conftest.c >&5
configure:8366: $? = 0
configure:8366: result: yes
configure:8366: checking for string.h
configure:8366: gcc -c -g -O2  conftest.c >&5
configure:8366: $? = 0
configure:8366: result: yes
configure:8366: checking for memory.h
configure:8366: gcc -c -g -O2  conftest.c >&5
configure:8366: $? = 0
configure:8366: result: yes
configure:8366: checking for strings.h
configure:8366: gcc -c -g -O2  conftest.c >&5
configure:8366: $? = 0
configure:8366: result: yes
configure:8366: checking for inttypes.h
configure:8366: gcc -c -g -O2  conftest.c >&5
configure:8366: $? = 0
configure:8366: result: yes
configure:8366: checking for stdint.h
configure:8366: gcc -c -g -O2  conftest.c >&5
configure:8366: $? = 0
configure:8366: result: yes
configure:8366: checking for unistd.h
configure:8366: gcc -c -g -O2  conftest.c >&5
configure:8366: $? = 0
configure:8366: result: yes
configure:8380: checking for dlfcn.h
configure:8380: gcc -c -g -O2  conftest.c >&5
configure:8380: $? = 0
configure:8380: result: yes
configure:8646: checking for objdir
configure:8661: result: .libs
configure:8925: checking if gcc supports -fno-rtti -fno-exceptions
configure:8943: gcc -c -g -O2  -fno-rtti -fno-exceptions conftest.c >&5
configure:8947: $? = 0
configure:8960: result: yes
configure:9324: checking for gcc option to produce PIC
configure:9331: result: -fno-common -DPIC
configure:9339: checking if gcc PIC flag -fno-common -DPIC works
configure:9357: gcc -c -g -O2  -fno-common -DPIC -DPIC conftest.c >&5
configure:9361: $? = 0
configure:9374: result: yes
configure:9403: checking if gcc static flag -static works
configure:9431: result: no
configure:9446: checking if gcc supports -c -o file.o
configure:9467: gcc -c -g -O2  -o out/conftest2.o conftest.c >&5
configure:9471: $? = 0
configure:9493: result: yes
configure:9501: checking if gcc supports -c -o file.o
configure:9548: result: yes
configure:9581: checking whether the gcc linker (/Applications/Xcode.app/Contents/Developer/Toolchains/XcodeDefault.xctoolchain/usr/bin/ld) supports shared libraries
configure:10844: result: yes
configure:11084: checking dynamic linker characteristics
configure:11914: result: darwin19.6.0 dyld
configure:12036: checking how to hardcode library paths into programs
configure:12061: result: immediate
configure:12609: checking whether stripping libraries is possible
configure:12623: result: yes
configure:12649: checking if libtool supports shared libraries
configure:12651: result: yes
configure:12654: checking whether to build shared libraries
configure:12679: result: yes
configure:12682: checking whether to build static libraries
configure:12686: result: yes
configure:12709: checking how to run the C++ preprocessor
configure:12736: g++ -E  conftest.cpp
configure:12736: $? = 0
configure:12750: g++ -E  conftest.cpp
conftest.cpp:21:10: fatal error: 'ac_nonexistent.h' file not found
#include <ac_nonexistent.h>
         ^~~~~~~~~~~~~~~~~~
1 error generated.
configure:12750: $? = 1
configure: failed program was:
| /* confdefs.h */
| #define PACKAGE_NAME "c-ares-test"
| #define PACKAGE_TARNAME "c-ares-test"
| #define PACKAGE_VERSION "-"
| #define PACKAGE_STRING "c-ares-test -"
| #define PACKAGE_BUGREPORT "-"
| #define PACKAGE_URL ""
| #define STDC_HEADERS 1
| #define HAVE_SYS_TYPES_H 1
| #define HAVE_SYS_STAT_H 1
| #define HAVE_STDLIB_H 1
| #define HAVE_STRING_H 1
| #define HAVE_MEMORY_H 1
| #define HAVE_STRINGS_H 1
| #define HAVE_INTTYPES_H 1
| #define HAVE_STDINT_H 1
| #define HAVE_UNISTD_H 1
| #define HAVE_DLFCN_H 1
| #define LT_OBJDIR ".libs/"
| /* end confdefs.h.  */
| #include <ac_nonexistent.h>
configure:12775: result: g++ -E
configure:12795: g++ -E  conftest.cpp
configure:12795: $? = 0
configure:12809: g++ -E  conftest.cpp
conftest.cpp:21:10: fatal error: 'ac_nonexistent.h' file not found
#include <ac_nonexistent.h>
         ^~~~~~~~~~~~~~~~~~
1 error generated.
configure:12809: $? = 1
configure: failed program was:
| /* confdefs.h */
| #define PACKAGE_NAME "c-ares-test"
| #define PACKAGE_TARNAME "c-ares-test"
| #define PACKAGE_VERSION "-"
| #define PACKAGE_STRING "c-ares-test -"
| #define PACKAGE_BUGREPORT "-"
| #define PACKAGE_URL ""
| #define STDC_HEADERS 1
| #define HAVE_SYS_TYPES_H 1
| #define HAVE_SYS_STAT_H 1
| #define HAVE_STDLIB_H 1
| #define HAVE_STRING_H 1
| #define HAVE_MEMORY_H 1
| #define HAVE_STRINGS_H 1
| #define HAVE_INTTYPES_H 1
| #define HAVE_STDINT_H 1
| #define HAVE_UNISTD_H 1
| #define HAVE_DLFCN_H 1
| #define LT_OBJDIR ".libs/"
| /* end confdefs.h.  */
| #include <ac_nonexistent.h>
configure:12971: checking for ld used by g++
configure:13038: result: /Applications/Xcode.app/Contents/Developer/Toolchains/XcodeDefault.xctoolchain/usr/bin/ld
configure:13045: checking if the linker (/Applications/Xcode.app/Contents/Developer/Toolchains/XcodeDefault.xctoolchain/usr/bin/ld) is GNU ld
configure:13060: result: no
configure:13115: checking whether the g++ linker (/Applications/Xcode.app/Contents/Developer/Toolchains/XcodeDefault.xctoolchain/usr/bin/ld) supports shared libraries
configure:14188: result: yes
configure:14224: g++ -c -g -O2 -std=c++11  conftest.cpp >&5
configure:14227: $? = 0
configure:14708: checking for g++ option to produce PIC
configure:14715: result: -fno-common -DPIC
configure:14723: checking if g++ PIC flag -fno-common -DPIC works
configure:14741: g++ -c -g -O2 -std=c++11  -fno-common -DPIC -DPIC conftest.cpp >&5
configure:14745: $? = 0
configure:14758: result: yes
configure:14781: checking if g++ static flag -static works
configure:14809: result: no
configure:14821: checking if g++ supports -c -o file.o
configure:14842: g++ -c -g -O2 -std=c++11  -o out/conftest2.o conftest.cpp >&5
configure:14846: $? = 0
configure:14868: result: yes
configure:14873: checking if g++ supports -c -o file.o
configure:14920: result: yes
configure:14950: checking whether the g++ linker (/Applications/Xcode.app/Contents/Developer/Toolchains/XcodeDefault.xctoolchain/usr/bin/ld) supports shared libraries
configure:14993: result: yes
configure:15134: checking dynamic linker characteristics
configure:15891: result: darwin19.6.0 dyld
configure:15956: checking how to hardcode library paths into programs
configure:15981: result: immediate
configure:16155: checking if compiler needs -Werror to reject unknown flags
configure:16171: gcc -c -g -O2 -Werror -Wunknown-warning-option -Wsizeof-array-argument  conftest.c >&5
configure:16171: $? = 0
configure:16172: result: yes
configure:16192: checking whether pthreads work with -pthread
configure:16280: gcc -o conftest -g -O2 -pthread -Werror   conftest.c   >&5
configure:16280: $? = 0
configure:16289: result: yes
configure:16308: checking for joinable pthread attribute
configure:16323: gcc -o conftest -g -O2 -pthread   conftest.c   >&5
configure:16323: $? = 0
configure:16329: result: PTHREAD_CREATE_JOINABLE
configure:16339: checking if more special flags are required for pthreads
configure:16354: result: -D_THREAD_SAFE
configure:16360: checking for PTHREAD_PRIO_INHERIT
configure:16377: gcc -o conftest -g -O2 -pthread   conftest.c   >&5
configure:16377: $? = 0
configure:16386: result: yes
configure:16498: checking whether to build with code coverage support
configure:16518: result: no
configure:16827: checking whether user namespaces are supported
configure:16878: gcc -o conftest -g -O2   conftest.c  >&5
conftest.c:34:3: error: implicit declaration of function 'usleep' is invalid in C99 [-Werror,-Wimplicit-function-declaration]
  usleep(100000);  /* synchronize by sleep */
  ^
conftest.c:35:11: error: implicit declaration of function 'getuid' is invalid in C99 [-Werror,-Wimplicit-function-declaration]
  return (getuid() != 0);
          ^
conftest.c:41:17: error: implicit declaration of function 'clone' is invalid in C99 [-Werror,-Wimplicit-function-declaration]
  pid_t child = clone(userfn, userst + 1024*1024, CLONE_NEWUSER|SIGCHLD, 0);
                ^
conftest.c:41:51: error: use of undeclared identifier 'CLONE_NEWUSER'
  pid_t child = clone(userfn, userst + 1024*1024, CLONE_NEWUSER|SIGCHLD, 0);
                                                  ^
conftest.c:46:31: error: implicit declaration of function 'getuid' is invalid in C99 [-Werror,-Wimplicit-function-declaration]
  sprintf(buffer, "0 %d 1\n", getuid());
                              ^
conftest.c:47:3: error: implicit declaration of function 'write' is invalid in C99 [-Werror,-Wimplicit-function-declaration]
  write(fd, buffer, strlen(buffer));
  ^
conftest.c:47:3: note: did you mean 'fwrite'?
/Library/Developer/CommandLineTools/SDKs/MacOSX.sdk/usr/include/stdio.h:165:9: note: 'fwrite' declared here
size_t   fwrite(const void * __restrict __ptr, size_t __size, size_t __nitems, FILE * __restrict __stream) __DARWIN_ALIAS(fwrite);
         ^
conftest.c:48:3: error: implicit declaration of function 'close' is invalid in C99 [-Werror,-Wimplicit-function-declaration]
  close(fd);
  ^
7 errors generated.
configure:16878: $? = 1
configure: program exited with status 1
configure: failed program was:
| /* confdefs.h */
| #define PACKAGE_NAME "c-ares-test"
| #define PACKAGE_TARNAME "c-ares-test"
| #define PACKAGE_VERSION "-"
| #define PACKAGE_STRING "c-ares-test -"
| #define PACKAGE_BUGREPORT "-"
| #define PACKAGE_URL ""
| #define STDC_HEADERS 1
| #define HAVE_SYS_TYPES_H 1
| #define HAVE_SYS_STAT_H 1
| #define HAVE_STDLIB_H 1
| #define HAVE_STRING_H 1
| #define HAVE_MEMORY_H 1
| #define HAVE_STRINGS_H 1
| #define HAVE_INTTYPES_H 1
| #define HAVE_STDINT_H 1
| #define HAVE_UNISTD_H 1
| #define HAVE_DLFCN_H 1
| #define LT_OBJDIR ".libs/"
| #define HAVE_PTHREAD_PRIO_INHERIT 1
| #define HAVE_PTHREAD 1
| /* end confdefs.h.  */
| 
| #define _GNU_SOURCE
| #include <fcntl.h>
| #include <sched.h>
| #include <signal.h>
| #include <stdio.h>
| #include <string.h>
| #include <sys/types.h>
| #include <sys/wait.h>
| 
| int userfn(void *d) {
|   usleep(100000);  /* synchronize by sleep */
|   return (getuid() != 0);
| }
| char userst[1024*1024];
| int main() {
|   char buffer[1024];
|   int rc, status, fd;
|   pid_t child = clone(userfn, userst + 1024*1024, CLONE_NEWUSER|SIGCHLD, 0);
|   if (child < 0) return 1;
| 
|   sprintf(buffer, "/proc/%d/uid_map", child);
|   fd = open(buffer, O_CREAT|O_WRONLY|O_TRUNC, 0755);
|   sprintf(buffer, "0 %d 1\n", getuid());
|   write(fd, buffer, strlen(buffer));
|   close(fd);
| 
|   rc = waitpid(child, &status, 0);
|   if (rc <= 0) return 1;
|   if (!WIFEXITED(status)) return 1;
|   return WEXITSTATUS(status);
| }
| 
configure:16895: result: no
configure:16903: checking whether UTS namespaces are supported
configure:16974: gcc -o conftest -g -O2   conftest.c  >&5
conftest.c:49:11: error: implicit declaration of function 'clone' is invalid in C99 [-Werror,-Wimplicit-function-declaration]
  child = clone(utsfn, st2 + 1024*1024, CLONE_NEWUTS|SIGCHLD, 0);
          ^
conftest.c:49:11: note: did you mean 'close'?
/Library/Developer/CommandLineTools/SDKs/MacOSX.sdk/usr/include/unistd.h:437:6: note: 'close' declared here
int      close(int) __DARWIN_ALIAS_C(close);
         ^
conftest.c:49:41: error: use of undeclared identifier 'CLONE_NEWUTS'
  child = clone(utsfn, st2 + 1024*1024, CLONE_NEWUTS|SIGCHLD, 0);
                                        ^
conftest.c:60:17: error: implicit declaration of function 'clone' is invalid in C99 [-Werror,-Wimplicit-function-declaration]
  pid_t child = clone(fn, st + 1024*1024, CLONE_NEWUSER|SIGCHLD, 0);
                ^
conftest.c:60:43: error: use of undeclared identifier 'CLONE_NEWUSER'
  pid_t child = clone(fn, st + 1024*1024, CLONE_NEWUSER|SIGCHLD, 0);
                                          ^
4 errors generated.
configure:16974: $? = 1
configure: program exited with status 1
configure: failed program was:
| /* confdefs.h */
| #define PACKAGE_NAME "c-ares-test"
| #define PACKAGE_TARNAME "c-ares-test"
| #define PACKAGE_VERSION "-"
| #define PACKAGE_STRING "c-ares-test -"
| #define PACKAGE_BUGREPORT "-"
| #define PACKAGE_URL ""
| #define STDC_HEADERS 1
| #define HAVE_SYS_TYPES_H 1
| #define HAVE_SYS_STAT_H 1
| #define HAVE_STDLIB_H 1
| #define HAVE_STRING_H 1
| #define HAVE_MEMORY_H 1
| #define HAVE_STRINGS_H 1
| #define HAVE_INTTYPES_H 1
| #define HAVE_STDINT_H 1
| #define HAVE_UNISTD_H 1
| #define HAVE_DLFCN_H 1
| #define LT_OBJDIR ".libs/"
| #define HAVE_PTHREAD_PRIO_INHERIT 1
| #define HAVE_PTHREAD 1
| /* end confdefs.h.  */
| 
| #define _GNU_SOURCE
| #include <sched.h>
| #include <signal.h>
| #include <stdio.h>
| #include <string.h>
| #include <fcntl.h>
| #include <unistd.h>
| #include <sys/types.h>
| #include <sys/wait.h>
| 
| int utsfn(void *d) {
|   char buffer[1024];
|   const char *name = "autoconftest";
|   int rc = sethostname(name, strlen(name));
|   if (rc != 0) return 1;
|   gethostname(buffer, 1024);
|   return (strcmp(buffer, name) != 0);
| }
| 
| char st2[1024*1024];
| int fn(void *d) {
|   pid_t child;
|   int rc, status;
|   usleep(100000);  /* synchronize by sleep */
|   if (getuid() != 0) return 1;
|   child = clone(utsfn, st2 + 1024*1024, CLONE_NEWUTS|SIGCHLD, 0);
|   if (child < 0) return 1;
|   rc = waitpid(child, &status, 0);
|   if (rc <= 0) return 1;
|   if (!WIFEXITED(status)) return 1;
|   return WEXITSTATUS(status);
| }
| char st[1024*1024];
| int main() {
|   char buffer[1024];
|   int rc, status, fd;
|   pid_t child = clone(fn, st + 1024*1024, CLONE_NEWUSER|SIGCHLD, 0);
|   if (child < 0) return 1;
| 
|   sprintf(buffer, "/proc/%d/uid_map", child);
|   fd = open(buffer, O_CREAT|O_WRONLY|O_TRUNC, 0755);
|   sprintf(buffer, "0 %d 1\n", getuid());
|   write(fd, buffer, strlen(buffer));
|   close(fd);
| 
|   rc = waitpid(child, &status, 0);
|   if (rc <= 0) return 1;
|   if (!WIFEXITED(status)) return 1;
|   return WEXITSTATUS(status);
| }
| 
| 
configure:16991: result: no
configure:17003: checking netdb.h usability
configure:17003: gcc -c -g -O2  conftest.c >&5
configure:17003: $? = 0
configure:17003: result: yes
configure:17003: checking netdb.h presence
configure:17003: gcc -E  conftest.c
configure:17003: $? = 0
configure:17003: result: yes
configure:17003: checking for netdb.h
configure:17003: result: yes
configure:17003: checking netinet/tcp.h usability
configure:17003: gcc -c -g -O2  conftest.c >&5
configure:17003: $? = 0
configure:17003: result: yes
configure:17003: checking netinet/tcp.h presence
configure:17003: gcc -E  conftest.c
configure:17003: $? = 0
configure:17003: result: yes
configure:17003: checking for netinet/tcp.h
configure:17003: result: yes
configure:17126: checking that generated files are newer than configure
configure:17132: result: done
configure:17163: creating ./config.status

## ---------------------- ##
## Running config.status. ##
## ---------------------- ##

This file was extended by c-ares-test config.status -, which was
generated by GNU Autoconf 2.69.  Invocation command line was

  CONFIG_FILES    = 
  CONFIG_HEADERS  = 
  CONFIG_LINKS    = 
  CONFIG_COMMANDS = 
  $ ./config.status 

on iMac.local

config.status:1161: creating Makefile
config.status:1161: creating config.h
config.status:1390: executing depfiles commands
config.status:1467: cd .       && sed -e '/# am--include-marker/d' Makefile         | make -f - am--depfiles
config.status:1472: $? = 0
config.status:1390: executing libtool commands

## ---------------- ##
## Cache variables. ##
## ---------------- ##

ac_cv_build=x86_64-apple-darwin19.6.0
ac_cv_c_compiler_gnu=yes
ac_cv_cxx_compiler_gnu=yes
ac_cv_env_CCC_set=
ac_cv_env_CCC_value=
ac_cv_env_CC_set=
ac_cv_env_CC_value=
ac_cv_env_CFLAGS_set=
ac_cv_env_CFLAGS_value=
ac_cv_env_CPPFLAGS_set=
ac_cv_env_CPPFLAGS_value=
ac_cv_env_CPP_set=
ac_cv_env_CPP_value=
ac_cv_env_CXXCPP_set=
ac_cv_env_CXXCPP_value=
ac_cv_env_CXXFLAGS_set=
ac_cv_env_CXXFLAGS_value=
ac_cv_env_CXX_set=
ac_cv_env_CXX_value=
ac_cv_env_LDFLAGS_set=
ac_cv_env_LDFLAGS_value=
ac_cv_env_LIBS_set=
ac_cv_env_LIBS_value=
ac_cv_env_LT_SYS_LIBRARY_PATH_set=
ac_cv_env_LT_SYS_LIBRARY_PATH_value=
ac_cv_env_build_alias_set=
ac_cv_env_build_alias_value=
ac_cv_env_host_alias_set=
ac_cv_env_host_alias_value=
ac_cv_env_target_alias_set=
ac_cv_env_target_alias_value=
ac_cv_header_dlfcn_h=yes
ac_cv_header_inttypes_h=yes
ac_cv_header_memory_h=yes
ac_cv_header_netdb_h=yes
ac_cv_header_netinet_tcp_h=yes
ac_cv_header_stdc=yes
ac_cv_header_stdint_h=yes
ac_cv_header_stdlib_h=yes
ac_cv_header_string_h=yes
ac_cv_header_strings_h=yes
ac_cv_header_sys_stat_h=yes
ac_cv_header_sys_types_h=yes
ac_cv_header_unistd_h=yes
ac_cv_host=x86_64-apple-darwin19.6.0
ac_cv_objext=o
ac_cv_path_EGREP='/usr/bin/grep -E'
ac_cv_path_FGREP='/usr/bin/grep -F'
ac_cv_path_GREP=/usr/bin/grep
ac_cv_path_SED=/usr/bin/sed
ac_cv_path_install='/usr/bin/install -c'
ac_cv_path_lt_DD=/bin/dd
ac_cv_prog_AWK=awk
ac_cv_prog_CPP='gcc -E'
ac_cv_prog_CXXCPP='g++ -E'
ac_cv_prog_ac_ct_AR=ar
ac_cv_prog_ac_ct_CC=gcc
ac_cv_prog_ac_ct_CXX=g++
ac_cv_prog_ac_ct_DSYMUTIL=dsymutil
ac_cv_prog_ac_ct_LIPO=lipo
ac_cv_prog_ac_ct_NMEDIT=nmedit
ac_cv_prog_ac_ct_OBJDUMP=objdump
ac_cv_prog_ac_ct_OTOOL=otool
ac_cv_prog_ac_ct_RANLIB=ranlib
ac_cv_prog_ac_ct_STRIP=strip
ac_cv_prog_cc_c89=
ac_cv_prog_cc_g=yes
ac_cv_prog_cxx_g=yes
ac_cv_prog_make_make_set=yes
am_cv_CC_dependencies_compiler_type=gcc3
am_cv_CXX_dependencies_compiler_type=gcc3
am_cv_make_support_nested_variables=yes
am_cv_prog_cc_c_o=yes
ax_cv_PTHREAD_PRIO_INHERIT=yes
ax_cv_cxx_compile_cxx11=no
ax_cv_cxx_compile_cxx11__std_cpp11=yes
ax_cv_user_namespace=no
ax_cv_uts_namespace=no
lt_cv_apple_cc_single_mod=yes
lt_cv_ar_at_file=no
lt_cv_deplibs_check_method=pass_all
lt_cv_file_magic_cmd='$MAGIC_CMD'
lt_cv_file_magic_test_file=
lt_cv_ld_exported_symbols_list=yes
lt_cv_ld_force_load=yes
lt_cv_ld_reload_flag=-r
lt_cv_nm_interface='BSD nm'
lt_cv_objdir=.libs
lt_cv_path_LD=/Applications/Xcode.app/Contents/Developer/Toolchains/XcodeDefault.xctoolchain/usr/bin/ld
lt_cv_path_LDCXX=/Applications/Xcode.app/Contents/Developer/Toolchains/XcodeDefault.xctoolchain/usr/bin/ld
lt_cv_path_NM='/usr/bin/nm -B'
lt_cv_path_mainfest_tool=no
lt_cv_prog_compiler_c_o=yes
lt_cv_prog_compiler_c_o_CXX=yes
lt_cv_prog_compiler_pic='-fno-common -DPIC'
lt_cv_prog_compiler_pic_CXX='-fno-common -DPIC'
lt_cv_prog_compiler_pic_works=yes
lt_cv_prog_compiler_pic_works_CXX=yes
lt_cv_prog_compiler_rtti_exceptions=yes
lt_cv_prog_compiler_static_works=no
lt_cv_prog_compiler_static_works_CXX=no
lt_cv_prog_gnu_ld=no
lt_cv_prog_gnu_ldcxx=no
lt_cv_sharedlib_from_linklib_cmd='printf %s\n'
lt_cv_sys_global_symbol_pipe='sed -n -e '\''s/^.*[	 ]\([BCDEGRST][BCDEGRST]*\)[	 ][	 ]*_\([_A-Za-z][_A-Za-z0-9]*\)$/\1 _\2 \2/p'\'' | sed '\''/ __gnu_lto/d'\'''
lt_cv_sys_global_symbol_to_c_name_address='sed -n -e '\''s/^: \(.*\) .*$/  {"\1", (void *) 0},/p'\'' -e '\''s/^[BCDEGRST][BCDEGRST]* .* \(.*\)$/  {"\1", (void *) \&\1},/p'\'''
lt_cv_sys_global_symbol_to_c_name_address_lib_prefix='sed -n -e '\''s/^: \(.*\) .*$/  {"\1", (void *) 0},/p'\'' -e '\''s/^[BCDEGRST][BCDEGRST]* .* \(lib.*\)$/  {"\1", (void *) \&\1},/p'\'' -e '\''s/^[BCDEGRST][BCDEGRST]* .* \(.*\)$/  {"lib\1", (void *) \&\1},/p'\'''
lt_cv_sys_global_symbol_to_cdecl='sed -n -e '\''s/^T .* \(.*\)$/extern int \1();/p'\'' -e '\''s/^[BCDEGRST][BCDEGRST]* .* \(.*\)$/extern char \1;/p'\'''
lt_cv_sys_global_symbol_to_import=
lt_cv_sys_max_cmd_len=196608
lt_cv_to_host_file_cmd=func_convert_file_noop
lt_cv_to_tool_file_cmd=func_convert_file_noop
lt_cv_truncate_bin='/bin/dd bs=4096 count=1'

## ----------------- ##
## Output variables. ##
## ----------------- ##

ACLOCAL='${SHELL} /Users/mawe/work/defold/external/cares/package/c-ares-1.17.1/test/missing aclocal-1.16'
AMDEPBACKSLASH='\'
AMDEP_FALSE='#'
AMDEP_TRUE=''
AMTAR='$${TAR-tar}'
AM_BACKSLASH='\'
AM_DEFAULT_V='$(AM_DEFAULT_VERBOSITY)'
AM_DEFAULT_VERBOSITY='0'
AM_V='$(V)'
AR='ar'
AUTOCONF='${SHELL} /Users/mawe/work/defold/external/cares/package/c-ares-1.17.1/test/missing autoconf'
AUTOHEADER='${SHELL} /Users/mawe/work/defold/external/cares/package/c-ares-1.17.1/test/missing autoheader'
AUTOMAKE='${SHELL} /Users/mawe/work/defold/external/cares/package/c-ares-1.17.1/test/missing automake-1.16'
AWK='awk'
CC='gcc'
CCDEPMODE='depmode=gcc3'
CFLAGS='-g -O2'
CODE_COVERAGE_CFLAGS=''
CODE_COVERAGE_ENABLED='no'
CODE_COVERAGE_ENABLED_FALSE=''
CODE_COVERAGE_ENABLED_TRUE='#'
CODE_COVERAGE_LDFLAGS=''
CODE_COVERAGE_RULES=''
CPP='gcc -E'
CPPFLAGS=''
CXX='g++'
CXXCPP='g++ -E'
CXXDEPMODE='depmode=gcc3'
CXXFLAGS='-g -O2 -std=c++11'
CYGPATH_W='echo'
DEFS='-DHAVE_CONFIG_H'
DEPDIR='.deps'
DLLTOOL='false'
DSYMUTIL='dsymutil'
DUMPBIN=''
ECHO_C='\c'
ECHO_N=''
ECHO_T=''
EGREP='/usr/bin/grep -E'
EXEEXT=''
FGREP='/usr/bin/grep -F'
GCOV=''
GENHTML=''
GREP='/usr/bin/grep'
HAVE_CXX11=''
INSTALL_DATA='${INSTALL} -m 644'
INSTALL_PROGRAM='${INSTALL}'
INSTALL_SCRIPT='${INSTALL}'
INSTALL_STRIP_PROGRAM='$(install_sh) -c -s'
LCOV=''
LD='/Applications/Xcode.app/Contents/Developer/Toolchains/XcodeDefault.xctoolchain/usr/bin/ld'
LDFLAGS=''
LIBOBJS=''
LIBS=''
LIBTOOL='$(SHELL) $(top_builddir)/libtool'
LIBTOOL_DEPS='./ltmain.sh'
LIPO='lipo'
LN_S='ln -s'
LTLIBOBJS=''
LT_SYS_LIBRARY_PATH=''
MAKEINFO='${SHELL} /Users/mawe/work/defold/external/cares/package/c-ares-1.17.1/test/missing makeinfo'
MANIFEST_TOOL=':'
MKDIR_P='./install-sh -c -d'
NM='/usr/bin/nm -B'
NMEDIT='nmedit'
OBJDUMP='objdump'
OBJEXT='o'
OTOOL64=':'
OTOOL='otool'
PACKAGE='c-ares-test'
PACKAGE_BUGREPORT='-'
PACKAGE_NAME='c-ares-test'
PACKAGE_STRING='c-ares-test -'
PACKAGE_TARNAME='c-ares-test'
PACKAGE_URL=''
PACKAGE_VERSION='-'
PATH_SEPARATOR=':'
PTHREAD_CC='gcc'
PTHREAD_CFLAGS='-D_THREAD_SAFE -pthread'
PTHREAD_LIBS=''
RANLIB='ranlib'
SED='/usr/bin/sed'
SET_MAKE=''
SHELL='/bin/sh'
STRIP='strip'
VERSION='-'
ac_ct_AR='ar'
ac_ct_CC='gcc'
ac_ct_CXX='g++'
ac_ct_DUMPBIN=''
am__EXEEXT_FALSE=''
am__EXEEXT_TRUE='#'
am__fastdepCC_FALSE='#'
am__fastdepCC_TRUE=''
am__fastdepCXX_FALSE='#'
am__fastdepCXX_TRUE=''
am__include='include'
am__isrc=''
am__leading_dot='.'
am__nodep='_no'
am__quote=''
am__tar='$${TAR-tar} chof - "$$tardir"'
am__untar='$${TAR-tar} xf -'
ax_pthread_config=''
bindir='${exec_prefix}/bin'
build='x86_64-apple-darwin19.6.0'
build_alias=''
build_cpu='x86_64'
build_os='darwin19.6.0'
build_vendor='apple'
datadir='${datarootdir}'
datarootdir='${prefix}/share'
docdir='${datarootdir}/doc/${PACKAGE_TARNAME}'
dvidir='${docdir}'
exec_prefix='${prefix}'
host='x86_64-apple-darwin19.6.0'
host_alias=''
host_cpu='x86_64'
host_os='darwin19.6.0'
host_vendor='apple'
htmldir='${docdir}'
includedir='${prefix}/include'
infodir='${datarootdir}/info'
install_sh='${SHELL} /Users/mawe/work/defold/external/cares/package/c-ares-1.17.1/test/install-sh'
libdir='${exec_prefix}/lib'
libexecdir='${exec_prefix}/libexec'
localedir='${datarootdir}/locale'
localstatedir='${prefix}/var'
mandir='${datarootdir}/man'
mkdir_p='$(MKDIR_P)'
oldincludedir='/usr/include'
pdfdir='${docdir}'
prefix='/usr/local'
program_transform_name='s,x,x,'
psdir='${docdir}'
runstatedir='${localstatedir}/run'
sbindir='${exec_prefix}/sbin'
sharedstatedir='${prefix}/com'
sysconfdir='${prefix}/etc'
target_alias=''

## ----------- ##
## confdefs.h. ##
## ----------- ##

/* confdefs.h */
#define PACKAGE_NAME "c-ares-test"
#define PACKAGE_TARNAME "c-ares-test"
#define PACKAGE_VERSION "-"
#define PACKAGE_STRING "c-ares-test -"
#define PACKAGE_BUGREPORT "-"
#define PACKAGE_URL ""
#define STDC_HEADERS 1
#define HAVE_SYS_TYPES_H 1
#define HAVE_SYS_STAT_H 1
#define HAVE_STDLIB_H 1
#define HAVE_STRING_H 1
#define HAVE_MEMORY_H 1
#define HAVE_STRINGS_H 1
#define HAVE_INTTYPES_H 1
#define HAVE_STDINT_H 1
#define HAVE_UNISTD_H 1
#define HAVE_DLFCN_H 1
#define LT_OBJDIR ".libs/"
#define HAVE_PTHREAD_PRIO_INHERIT 1
#define HAVE_PTHREAD 1
#define HAVE_NETDB_H 1
#define HAVE_NETINET_TCP_H 1

configure: exit 0
